<!DOCTYPE html>

<html>
  <head>
  <meta charset='utf-8'>
  <title>TestNG reports</title>

    <link type="text/css" href="testng-reports.css" rel="stylesheet" />
    <script type="text/javascript" src="jquery-1.7.1.min.js"></script>
    <script type="text/javascript" src="testng-reports.js"></script>
    <script type="text/javascript" src="https://www.google.com/jsapi"></script>
    <script type='text/javascript'>
      google.load('visualization', '1', {packages:['table']});
      google.setOnLoadCallback(drawTable);
      var suiteTableInitFunctions = new Array();
      var suiteTableData = new Array();
    </script>
    <!--
      <script type="text/javascript" src="jquery-ui/js/jquery-ui-1.8.16.custom.min.js"></script>
     -->
  </head>

  <body>
    <div class="top-banner-root">
      <span class="top-banner-title-font">Test results</span>
      <br/>
      <span class="top-banner-font-1">1 suite, 3 failed tests</span>
    </div> <!-- top-banner-root -->
    <div class="navigator-root">
      <div class="navigator-suite-header">
        <span>All suites</span>
        <a href="#" class="collapse-all-link" title="Collapse/expand all the suites">
          <img class="collapse-all-icon" src="collapseall.gif">
          </img> <!-- collapse-all-icon -->
        </a> <!-- collapse-all-link -->
      </div> <!-- navigator-suite-header -->
      <div class="suite">
        <div class="rounded-window">
          <div class="suite-header light-rounded-window-top">
            <a href="#" class="navigator-link" panel-name="suite-Framework_with_extent_report,_failure_screen_capture,_test_data_from_excel">
              <span class="suite-name border-failed">Framework with extent report, failure screen capture, test data from excel</span>
            </a> <!-- navigator-link -->
          </div> <!-- suite-header light-rounded-window-top -->
          <div class="navigator-suite-content">
            <div class="suite-section-title">
              <span>Info</span>
            </div> <!-- suite-section-title -->
            <div class="suite-section-content">
              <ul>
                <li>
                  <a href="#" class="navigator-link " panel-name="test-xml-Framework_with_extent_report,_failure_screen_capture,_test_data_from_excel">
                    <span>C:\Test_Projects\workspace\MakeMyTrip_ExtentReport\testng.xml</span>
                  </a> <!-- navigator-link  -->
                </li>
                <li>
                  <a href="#" class="navigator-link " panel-name="testlist-Framework_with_extent_report,_failure_screen_capture,_test_data_from_excel">
                    <span class="test-stats">3 tests</span>
                  </a> <!-- navigator-link  -->
                </li>
                <li>
                  <a href="#" class="navigator-link " panel-name="group-Framework_with_extent_report,_failure_screen_capture,_test_data_from_excel">
                    <span>0 groups</span>
                  </a> <!-- navigator-link  -->
                </li>
                <li>
                  <a href="#" class="navigator-link " panel-name="times-Framework_with_extent_report,_failure_screen_capture,_test_data_from_excel">
                    <span>Times</span>
                  </a> <!-- navigator-link  -->
                </li>
                <li>
                  <a href="#" class="navigator-link " panel-name="reporter-Framework_with_extent_report,_failure_screen_capture,_test_data_from_excel">
                    <span>Reporter output</span>
                  </a> <!-- navigator-link  -->
                </li>
                <li>
                  <a href="#" class="navigator-link " panel-name="ignored-methods-Framework_with_extent_report,_failure_screen_capture,_test_data_from_excel">
                    <span>Ignored methods</span>
                  </a> <!-- navigator-link  -->
                </li>
                <li>
                  <a href="#" class="navigator-link " panel-name="chronological-Framework_with_extent_report,_failure_screen_capture,_test_data_from_excel">
                    <span>Chronological view</span>
                  </a> <!-- navigator-link  -->
                </li>
              </ul>
            </div> <!-- suite-section-content -->
            <div class="result-section">
              <div class="suite-section-title">
                <span>Results</span>
              </div> <!-- suite-section-title -->
              <div class="suite-section-content">
                <ul>
                  <li>
                    <span class="method-stats">6 methods, 3 failed,  1 skipped,  2 passed</span>
                  </li>
                  <li>
                    <span class="method-list-title failed">Failed methods</span>
                    <span class="show-or-hide-methods failed">
                      <a href="#" panel-name="suite-Framework_with_extent_report,_failure_screen_capture,_test_data_from_excel" class="hide-methods failed suite-Framework_with_extent_report,_failure_screen_capture,_test_data_from_excel"> (hide)</a> <!-- hide-methods failed suite-Framework_with_extent_report,_failure_screen_capture,_test_data_from_excel -->
                      <a href="#" panel-name="suite-Framework_with_extent_report,_failure_screen_capture,_test_data_from_excel" class="show-methods failed suite-Framework_with_extent_report,_failure_screen_capture,_test_data_from_excel"> (show)</a> <!-- show-methods failed suite-Framework_with_extent_report,_failure_screen_capture,_test_data_from_excel -->
                    </span>
                    <div class="method-list-content failed suite-Framework_with_extent_report,_failure_screen_capture,_test_data_from_excel">
                      <span>
                        <img width="3%" src="failed.png"/>
                        <a href="#" class="method navigator-link" panel-name="suite-Framework_with_extent_report,_failure_screen_capture,_test_data_from_excel" title="com.assign.qa.testcases.CountFlightsTest" hash-for-method="flightsCountNoFilterTest">flightsCountNoFilterTest</a> <!-- method navigator-link -->
                      </span>
                      <br/>
                      <span>
                        <img width="3%" src="failed.png"/>
                        <a href="#" class="method navigator-link" panel-name="suite-Framework_with_extent_report,_failure_screen_capture,_test_data_from_excel" title="com.assign.qa.testcases.CountFlightsTest" hash-for-method="flightsCountNonStopFilterTest">flightsCountNonStopFilterTest</a> <!-- method navigator-link -->
                      </span>
                      <br/>
                      <span>
                        <img width="3%" src="failed.png"/>
                        <a href="#" class="method navigator-link" panel-name="suite-Framework_with_extent_report,_failure_screen_capture,_test_data_from_excel" title="com.assign.qa.testcases.CountFlightsTest" hash-for-method="flightsCountOneStopFilterTest">flightsCountOneStopFilterTest</a> <!-- method navigator-link -->
                      </span>
                      <br/>
                    </div> <!-- method-list-content failed suite-Framework_with_extent_report,_failure_screen_capture,_test_data_from_excel -->
                  </li>
                  <li>
                    <span class="method-list-title skipped">Skipped methods</span>
                    <span class="show-or-hide-methods skipped">
                      <a href="#" panel-name="suite-Framework_with_extent_report,_failure_screen_capture,_test_data_from_excel" class="hide-methods skipped suite-Framework_with_extent_report,_failure_screen_capture,_test_data_from_excel"> (hide)</a> <!-- hide-methods skipped suite-Framework_with_extent_report,_failure_screen_capture,_test_data_from_excel -->
                      <a href="#" panel-name="suite-Framework_with_extent_report,_failure_screen_capture,_test_data_from_excel" class="show-methods skipped suite-Framework_with_extent_report,_failure_screen_capture,_test_data_from_excel"> (show)</a> <!-- show-methods skipped suite-Framework_with_extent_report,_failure_screen_capture,_test_data_from_excel -->
                    </span>
                    <div class="method-list-content skipped suite-Framework_with_extent_report,_failure_screen_capture,_test_data_from_excel">
                      <span>
                        <img width="3%" src="skipped.png"/>
                        <a href="#" class="method navigator-link" panel-name="suite-Framework_with_extent_report,_failure_screen_capture,_test_data_from_excel" title="com.assign.qa.testcases.CheckPricesTest" hash-for-method="validateFlightPriceTest">validateFlightPriceTest</a> <!-- method navigator-link -->
                      </span>
                      <br/>
                    </div> <!-- method-list-content skipped suite-Framework_with_extent_report,_failure_screen_capture,_test_data_from_excel -->
                  </li>
                  <li>
                    <span class="method-list-title passed">Passed methods</span>
                    <span class="show-or-hide-methods passed">
                      <a href="#" panel-name="suite-Framework_with_extent_report,_failure_screen_capture,_test_data_from_excel" class="hide-methods passed suite-Framework_with_extent_report,_failure_screen_capture,_test_data_from_excel"> (hide)</a> <!-- hide-methods passed suite-Framework_with_extent_report,_failure_screen_capture,_test_data_from_excel -->
                      <a href="#" panel-name="suite-Framework_with_extent_report,_failure_screen_capture,_test_data_from_excel" class="show-methods passed suite-Framework_with_extent_report,_failure_screen_capture,_test_data_from_excel"> (show)</a> <!-- show-methods passed suite-Framework_with_extent_report,_failure_screen_capture,_test_data_from_excel -->
                    </span>
                    <div class="method-list-content passed suite-Framework_with_extent_report,_failure_screen_capture,_test_data_from_excel">
                      <span>
                        <img width="3%" src="passed.png"/>
                        <a href="#" class="method navigator-link" panel-name="suite-Framework_with_extent_report,_failure_screen_capture,_test_data_from_excel" title="com.assign.qa.testcases.CheckPricesTest" hash-for-method="parentTest">parentTest</a> <!-- method navigator-link -->
                      </span>
                      <br/>
                      <span>
                        <img width="3%" src="passed.png"/>
                        <a href="#" class="method navigator-link" panel-name="suite-Framework_with_extent_report,_failure_screen_capture,_test_data_from_excel" title="com.assign.qa.testcases.SearchFlightsTest" hash-for-method="searchForAFlight">searchForAFlight</a> <!-- method navigator-link -->
                      </span>
                      <br/>
                    </div> <!-- method-list-content passed suite-Framework_with_extent_report,_failure_screen_capture,_test_data_from_excel -->
                  </li>
                </ul>
              </div> <!-- suite-section-content -->
            </div> <!-- result-section -->
          </div> <!-- navigator-suite-content -->
        </div> <!-- rounded-window -->
      </div> <!-- suite -->
    </div> <!-- navigator-root -->
    <div class="wrapper">
      <div class="main-panel-root">
        <div panel-name="suite-Framework_with_extent_report,_failure_screen_capture,_test_data_from_excel" class="panel Framework_with_extent_report,_failure_screen_capture,_test_data_from_excel">
          <div class="suite-Framework_with_extent_report,_failure_screen_capture,_test_data_from_excel-class-failed">
            <div class="main-panel-header rounded-window-top">
              <img src="failed.png"/>
              <span class="class-name">com.assign.qa.testcases.CountFlightsTest</span>
            </div> <!-- main-panel-header rounded-window-top -->
            <div class="main-panel-content rounded-window-bottom">
              <div class="method">
                <div class="method-content">
                  <a name="flightsCountNoFilterTest">
                  </a> <!-- flightsCountNoFilterTest -->
                  <span class="method-name">flightsCountNoFilterTest</span>
                  <div class="stack-trace">org.openqa.selenium.TimeoutException: Expected condition failed: waiting for element to be clickable: Proxy element for: DefaultElementLocator &apos;By.xpath: //input[@id=&apos;filter_stop0&apos;]/following::label//span[text()=&apos;Non Stop&apos;]&apos; (tried for 40 second(s) with 500 milliseconds interval)
	at org.openqa.selenium.support.ui.WebDriverWait.timeoutException(WebDriverWait.java:95)
	at org.openqa.selenium.support.ui.FluentWait.until(FluentWait.java:234)
	at com.assign.qa.util.utilFunctions.ExpWaitForWebelement(utilFunctions.java:59)
	at com.assign.qa.pages.FlightInfoPage.departureCountNoFilter(FlightInfoPage.java:62)
	at com.assign.qa.testcases.CountFlightsTest.flightsCountNoFilterTest(CountFlightsTest.java:40)
Caused by: org.openqa.selenium.NoSuchElementException: no such element: Unable to locate element: {&quot;method&quot;:&quot;xpath&quot;,&quot;selector&quot;:&quot;//input[@id=&apos;filter_stop0&apos;]/following::label//span[text()=&apos;Non Stop&apos;]&quot;}
  (Session info: chrome=88.0.4324.190)
For documentation on this error, please visit: https://www.seleniumhq.org/exceptions/no_such_element.html
Build info: version: &apos;4.0.0-alpha-1&apos;, revision: &apos;d1d3728cae&apos;, time: &apos;2019-04-24T13:42:21&apos;
System info: host: &apos;WS-11062&apos;, ip: &apos;10.236.185.172&apos;, os.name: &apos;Windows 10&apos;, os.arch: &apos;amd64&apos;, os.version: &apos;10.0&apos;, java.version: &apos;1.8.0_192&apos;
Driver info: org.openqa.selenium.chrome.ChromeDriver
Capabilities {acceptInsecureCerts: false, browserName: chrome, browserVersion: 88.0.4324.190, chrome: {chromedriverVersion: 87.0.4280.20 (c99e81631faa0..., userDataDir: C:\Users\raka0617\AppData\L...}, goog:chromeOptions: {debuggerAddress: localhost:56749}, javascriptEnabled: true, networkConnectionEnabled: false, pageLoadStrategy: normal, platform: WINDOWS, platformName: WINDOWS, proxy: Proxy(), setWindowRect: true, strictFileInteractability: false, timeouts: {implicit: 0, pageLoad: 300000, script: 30000}, unhandledPromptBehavior: dismiss and notify, webauthn:virtualAuthenticators: true}
Session ID: cafedc2ca4d5738350b2192cb9a9fd28
*** Element info: {Using=xpath, value=//input[@id=&apos;filter_stop0&apos;]/following::label//span[text()=&apos;Non Stop&apos;]}
	at org.openqa.selenium.remote.codec.w3c.W3CHttpResponseCodec.createException(W3CHttpResponseCodec.java:190)
	at org.openqa.selenium.remote.codec.w3c.W3CHttpResponseCodec.decode(W3CHttpResponseCodec.java:124)
	at org.openqa.selenium.remote.codec.w3c.W3CHttpResponseCodec.decode(W3CHttpResponseCodec.java:51)
	at org.openqa.selenium.remote.HttpCommandExecutor.execute(HttpCommandExecutor.java:161)
	at org.openqa.selenium.remote.service.DriverCommandExecutor.execute(DriverCommandExecutor.java:83)
	at org.openqa.selenium.remote.RemoteWebDriver.execute(RemoteWebDriver.java:577)
	at org.openqa.selenium.remote.RemoteWebDriver.findElement(RemoteWebDriver.java:328)
	at org.openqa.selenium.remote.RemoteWebDriver.findElementByXPath(RemoteWebDriver.java:446)
	at org.openqa.selenium.By$ByXPath.findElement(By.java:353)
	at org.openqa.selenium.remote.RemoteWebDriver.findElement(RemoteWebDriver.java:320)
	at org.openqa.selenium.support.pagefactory.DefaultElementLocator.findElement(DefaultElementLocator.java:70)
	at org.openqa.selenium.support.pagefactory.internal.LocatingElementHandler.invoke(LocatingElementHandler.java:39)
	at com.sun.proxy.$Proxy12.isDisplayed(Unknown Source)
	at org.openqa.selenium.support.ui.ExpectedConditions.elementIfVisible(ExpectedConditions.java:314)
	at org.openqa.selenium.support.ui.ExpectedConditions.access$000(ExpectedConditions.java:43)
	at org.openqa.selenium.support.ui.ExpectedConditions$10.apply(ExpectedConditions.java:300)
	at org.openqa.selenium.support.ui.ExpectedConditions$10.apply(ExpectedConditions.java:297)
	at org.openqa.selenium.support.ui.ExpectedConditions$23.apply(ExpectedConditions.java:670)
	at org.openqa.selenium.support.ui.ExpectedConditions$23.apply(ExpectedConditions.java:666)
	at org.openqa.selenium.support.ui.FluentWait.until(FluentWait.java:211)
	... 28 more
... Removed 29 stack frames
</div> <!-- stack-trace -->
                </div> <!-- method-content -->
              </div> <!-- method -->
              <div class="method">
                <div class="method-content">
                  <a name="flightsCountNonStopFilterTest">
                  </a> <!-- flightsCountNonStopFilterTest -->
                  <span class="method-name">flightsCountNonStopFilterTest</span>
                  <div class="stack-trace">org.openqa.selenium.NoSuchElementException: no such element: Unable to locate element: {&quot;method&quot;:&quot;xpath&quot;,&quot;selector&quot;:&quot;//input[@id=&apos;filter_stop0&apos;]/following::label//span[text()=&apos;Non Stop&apos;]&quot;}
  (Session info: chrome=88.0.4324.190)
For documentation on this error, please visit: https://www.seleniumhq.org/exceptions/no_such_element.html
Build info: version: &apos;4.0.0-alpha-1&apos;, revision: &apos;d1d3728cae&apos;, time: &apos;2019-04-24T13:42:21&apos;
System info: host: &apos;WS-11062&apos;, ip: &apos;10.236.185.172&apos;, os.name: &apos;Windows 10&apos;, os.arch: &apos;amd64&apos;, os.version: &apos;10.0&apos;, java.version: &apos;1.8.0_192&apos;
Driver info: org.openqa.selenium.chrome.ChromeDriver
Capabilities {acceptInsecureCerts: false, browserName: chrome, browserVersion: 88.0.4324.190, chrome: {chromedriverVersion: 87.0.4280.20 (c99e81631faa0..., userDataDir: C:\Users\raka0617\AppData\L...}, goog:chromeOptions: {debuggerAddress: localhost:56749}, javascriptEnabled: true, networkConnectionEnabled: false, pageLoadStrategy: normal, platform: WINDOWS, platformName: WINDOWS, proxy: Proxy(), setWindowRect: true, strictFileInteractability: false, timeouts: {implicit: 0, pageLoad: 300000, script: 30000}, unhandledPromptBehavior: dismiss and notify, webauthn:virtualAuthenticators: true}
Session ID: cafedc2ca4d5738350b2192cb9a9fd28
*** Element info: {Using=xpath, value=//input[@id=&apos;filter_stop0&apos;]/following::label//span[text()=&apos;Non Stop&apos;]}
	at org.openqa.selenium.remote.codec.w3c.W3CHttpResponseCodec.createException(W3CHttpResponseCodec.java:190)
	at org.openqa.selenium.remote.codec.w3c.W3CHttpResponseCodec.decode(W3CHttpResponseCodec.java:124)
	at org.openqa.selenium.remote.codec.w3c.W3CHttpResponseCodec.decode(W3CHttpResponseCodec.java:51)
	at org.openqa.selenium.remote.HttpCommandExecutor.execute(HttpCommandExecutor.java:161)
	at org.openqa.selenium.remote.service.DriverCommandExecutor.execute(DriverCommandExecutor.java:83)
	at org.openqa.selenium.remote.RemoteWebDriver.execute(RemoteWebDriver.java:577)
	at org.openqa.selenium.remote.RemoteWebDriver.findElement(RemoteWebDriver.java:328)
	at org.openqa.selenium.remote.RemoteWebDriver.findElementByXPath(RemoteWebDriver.java:446)
	at org.openqa.selenium.By$ByXPath.findElement(By.java:353)
	at org.openqa.selenium.remote.RemoteWebDriver.findElement(RemoteWebDriver.java:320)
	at org.openqa.selenium.support.pagefactory.DefaultElementLocator.findElement(DefaultElementLocator.java:70)
	at org.openqa.selenium.support.pagefactory.internal.LocatingElementHandler.invoke(LocatingElementHandler.java:39)
	at com.sun.proxy.$Proxy12.click(Unknown Source)
	at com.assign.qa.pages.FlightInfoPage.flightsCountNonStopFilter(FlightInfoPage.java:84)
	at com.assign.qa.testcases.CountFlightsTest.flightsCountNonStopFilterTest(CountFlightsTest.java:55)
... Removed 29 stack frames
</div> <!-- stack-trace -->
                </div> <!-- method-content -->
              </div> <!-- method -->
              <div class="method">
                <div class="method-content">
                  <a name="flightsCountOneStopFilterTest">
                  </a> <!-- flightsCountOneStopFilterTest -->
                  <span class="method-name">flightsCountOneStopFilterTest</span>
                  <div class="stack-trace">org.openqa.selenium.TimeoutException: Expected condition failed: waiting for element to be clickable: Proxy element for: DefaultElementLocator &apos;By.xpath: //span[@class=&apos;checkbox-group list1 append_bottom5 fli-filter-items&apos;]//span[@class=&apos;labeltext&apos;][contains(text(),&apos;1 Stop&apos;)]&apos; (tried for 40 second(s) with 500 milliseconds interval)
	at org.openqa.selenium.support.ui.WebDriverWait.timeoutException(WebDriverWait.java:95)
	at org.openqa.selenium.support.ui.FluentWait.until(FluentWait.java:234)
	at com.assign.qa.util.utilFunctions.ExpWaitForWebelement(utilFunctions.java:59)
	at com.assign.qa.pages.FlightInfoPage.flightsCountOneStopFilter(FlightInfoPage.java:106)
	at com.assign.qa.testcases.CountFlightsTest.flightsCountOneStopFilterTest(CountFlightsTest.java:70)
Caused by: org.openqa.selenium.NoSuchElementException: no such element: Unable to locate element: {&quot;method&quot;:&quot;xpath&quot;,&quot;selector&quot;:&quot;//span[@class=&apos;checkbox-group list1 append_bottom5 fli-filter-items&apos;]//span[@class=&apos;labeltext&apos;][contains(text(),&apos;1 Stop&apos;)]&quot;}
  (Session info: chrome=88.0.4324.190)
For documentation on this error, please visit: https://www.seleniumhq.org/exceptions/no_such_element.html
Build info: version: &apos;4.0.0-alpha-1&apos;, revision: &apos;d1d3728cae&apos;, time: &apos;2019-04-24T13:42:21&apos;
System info: host: &apos;WS-11062&apos;, ip: &apos;10.236.185.172&apos;, os.name: &apos;Windows 10&apos;, os.arch: &apos;amd64&apos;, os.version: &apos;10.0&apos;, java.version: &apos;1.8.0_192&apos;
Driver info: org.openqa.selenium.chrome.ChromeDriver
Capabilities {acceptInsecureCerts: false, browserName: chrome, browserVersion: 88.0.4324.190, chrome: {chromedriverVersion: 87.0.4280.20 (c99e81631faa0..., userDataDir: C:\Users\raka0617\AppData\L...}, goog:chromeOptions: {debuggerAddress: localhost:56749}, javascriptEnabled: true, networkConnectionEnabled: false, pageLoadStrategy: normal, platform: WINDOWS, platformName: WINDOWS, proxy: Proxy(), setWindowRect: true, strictFileInteractability: false, timeouts: {implicit: 0, pageLoad: 300000, script: 30000}, unhandledPromptBehavior: dismiss and notify, webauthn:virtualAuthenticators: true}
Session ID: cafedc2ca4d5738350b2192cb9a9fd28
*** Element info: {Using=xpath, value=//span[@class=&apos;checkbox-group list1 append_bottom5 fli-filter-items&apos;]//span[@class=&apos;labeltext&apos;][contains(text(),&apos;1 Stop&apos;)]}
	at org.openqa.selenium.remote.codec.w3c.W3CHttpResponseCodec.createException(W3CHttpResponseCodec.java:190)
	at org.openqa.selenium.remote.codec.w3c.W3CHttpResponseCodec.decode(W3CHttpResponseCodec.java:124)
	at org.openqa.selenium.remote.codec.w3c.W3CHttpResponseCodec.decode(W3CHttpResponseCodec.java:51)
	at org.openqa.selenium.remote.HttpCommandExecutor.execute(HttpCommandExecutor.java:161)
	at org.openqa.selenium.remote.service.DriverCommandExecutor.execute(DriverCommandExecutor.java:83)
	at org.openqa.selenium.remote.RemoteWebDriver.execute(RemoteWebDriver.java:577)
	at org.openqa.selenium.remote.RemoteWebDriver.findElement(RemoteWebDriver.java:328)
	at org.openqa.selenium.remote.RemoteWebDriver.findElementByXPath(RemoteWebDriver.java:446)
	at org.openqa.selenium.By$ByXPath.findElement(By.java:353)
	at org.openqa.selenium.remote.RemoteWebDriver.findElement(RemoteWebDriver.java:320)
	at org.openqa.selenium.support.pagefactory.DefaultElementLocator.findElement(DefaultElementLocator.java:70)
	at org.openqa.selenium.support.pagefactory.internal.LocatingElementHandler.invoke(LocatingElementHandler.java:39)
	at com.sun.proxy.$Proxy12.isDisplayed(Unknown Source)
	at org.openqa.selenium.support.ui.ExpectedConditions.elementIfVisible(ExpectedConditions.java:314)
	at org.openqa.selenium.support.ui.ExpectedConditions.access$000(ExpectedConditions.java:43)
	at org.openqa.selenium.support.ui.ExpectedConditions$10.apply(ExpectedConditions.java:300)
	at org.openqa.selenium.support.ui.ExpectedConditions$10.apply(ExpectedConditions.java:297)
	at org.openqa.selenium.support.ui.ExpectedConditions$23.apply(ExpectedConditions.java:670)
	at org.openqa.selenium.support.ui.ExpectedConditions$23.apply(ExpectedConditions.java:666)
	at org.openqa.selenium.support.ui.FluentWait.until(FluentWait.java:211)
	... 28 more
... Removed 29 stack frames
</div> <!-- stack-trace -->
                </div> <!-- method-content -->
              </div> <!-- method -->
            </div> <!-- main-panel-content rounded-window-bottom -->
          </div> <!-- suite-Framework_with_extent_report,_failure_screen_capture,_test_data_from_excel-class-failed -->
          <div class="suite-Framework_with_extent_report,_failure_screen_capture,_test_data_from_excel-class-skipped">
            <div class="main-panel-header rounded-window-top">
              <img src="skipped.png"/>
              <span class="class-name">com.assign.qa.testcases.CheckPricesTest</span>
            </div> <!-- main-panel-header rounded-window-top -->
            <div class="main-panel-content rounded-window-bottom">
              <div class="method">
                <div class="method-content">
                  <a name="validateFlightPriceTest">
                  </a> <!-- validateFlightPriceTest -->
                  <span class="method-name">validateFlightPriceTest</span>
                  <div class="stack-trace">java.lang.RuntimeException: java.lang.NullPointerException
Caused by: java.lang.NullPointerException
	at org.apache.poi.ss.usermodel.WorkbookFactory.create(WorkbookFactory.java:65)
	at com.assign.qa.util.utilFunctions.getExcelData(utilFunctions.java:85)
	at com.assign.qa.testcases.CheckPricesTest.getFlights(CheckPricesTest.java:38)
	... 22 more
... Removed 30 stack frames
</div> <!-- stack-trace -->
                </div> <!-- method-content -->
              </div> <!-- method -->
            </div> <!-- main-panel-content rounded-window-bottom -->
          </div> <!-- suite-Framework_with_extent_report,_failure_screen_capture,_test_data_from_excel-class-skipped -->
          <div class="suite-Framework_with_extent_report,_failure_screen_capture,_test_data_from_excel-class-passed">
            <div class="main-panel-header rounded-window-top">
              <img src="passed.png"/>
              <span class="class-name">com.assign.qa.testcases.SearchFlightsTest</span>
            </div> <!-- main-panel-header rounded-window-top -->
            <div class="main-panel-content rounded-window-bottom">
              <div class="method">
                <div class="method-content">
                  <a name="searchForAFlight">
                  </a> <!-- searchForAFlight -->
                  <span class="method-name">searchForAFlight</span>
                </div> <!-- method-content -->
              </div> <!-- method -->
            </div> <!-- main-panel-content rounded-window-bottom -->
          </div> <!-- suite-Framework_with_extent_report,_failure_screen_capture,_test_data_from_excel-class-passed -->
          <div class="suite-Framework_with_extent_report,_failure_screen_capture,_test_data_from_excel-class-passed">
            <div class="main-panel-header rounded-window-top">
              <img src="passed.png"/>
              <span class="class-name">com.assign.qa.testcases.CheckPricesTest</span>
            </div> <!-- main-panel-header rounded-window-top -->
            <div class="main-panel-content rounded-window-bottom">
              <div class="method">
                <div class="method-content">
                  <a name="parentTest">
                  </a> <!-- parentTest -->
                  <span class="method-name">parentTest</span>
                </div> <!-- method-content -->
              </div> <!-- method -->
            </div> <!-- main-panel-content rounded-window-bottom -->
          </div> <!-- suite-Framework_with_extent_report,_failure_screen_capture,_test_data_from_excel-class-passed -->
        </div> <!-- panel Framework_with_extent_report,_failure_screen_capture,_test_data_from_excel -->
        <div panel-name="test-xml-Framework_with_extent_report,_failure_screen_capture,_test_data_from_excel" class="panel">
          <div class="main-panel-header rounded-window-top">
            <span class="header-content">C:\Test_Projects\workspace\MakeMyTrip_ExtentReport\testng.xml</span>
          </div> <!-- main-panel-header rounded-window-top -->
          <div class="main-panel-content rounded-window-bottom">
            <pre>
&lt;?xml version=&quot;1.0&quot; encoding=&quot;UTF-8&quot;?&gt;
&lt;!DOCTYPE suite SYSTEM &quot;http://testng.org/testng-1.0.dtd&quot;&gt;
&lt;suite guice-stage=&quot;DEVELOPMENT&quot; name=&quot;Framework with extent report, failure screen capture, test data from excel&quot;&gt;
  &lt;test thread-count=&quot;5&quot; name=&quot;Search for a flight&quot;&gt;
    &lt;classes&gt;
      &lt;class name=&quot;com.assign.qa.testcases.TestSetup&quot;/&gt;
      &lt;class name=&quot;com.assign.qa.testcases.SearchFlightsTest&quot;/&gt;
    &lt;/classes&gt;
  &lt;/test&gt; &lt;!-- Search for a flight --&gt;
  &lt;test thread-count=&quot;5&quot; name=&quot;Count the number of Flights with filters&quot;&gt;
    &lt;classes&gt;
      &lt;class name=&quot;com.assign.qa.testcases.CountFlightsTest&quot;/&gt;
    &lt;/classes&gt;
  &lt;/test&gt; &lt;!-- Count the number of Flights with filters --&gt;
  &lt;test thread-count=&quot;5&quot; name=&quot;Validate the Flight prices&quot;&gt;
    &lt;classes&gt;
      &lt;class name=&quot;com.assign.qa.testcases.CheckPricesTest&quot;/&gt;
    &lt;/classes&gt;
  &lt;/test&gt; &lt;!-- Validate the Flight prices --&gt;
&lt;/suite&gt; &lt;!-- Framework with extent report, failure screen capture, test data from excel --&gt;
            </pre>
          </div> <!-- main-panel-content rounded-window-bottom -->
        </div> <!-- panel -->
        <div panel-name="testlist-Framework_with_extent_report,_failure_screen_capture,_test_data_from_excel" class="panel">
          <div class="main-panel-header rounded-window-top">
            <span class="header-content">Tests for Framework with extent report, failure screen capture, test data from excel</span>
          </div> <!-- main-panel-header rounded-window-top -->
          <div class="main-panel-content rounded-window-bottom">
            <ul>
              <li>
                <span class="test-name">Search for a flight (2 classes)</span>
              </li>
              <li>
                <span class="test-name">Count the number of Flights with filters (1 class)</span>
              </li>
              <li>
                <span class="test-name">Validate the Flight prices (1 class)</span>
              </li>
            </ul>
          </div> <!-- main-panel-content rounded-window-bottom -->
        </div> <!-- panel -->
        <div panel-name="group-Framework_with_extent_report,_failure_screen_capture,_test_data_from_excel" class="panel">
          <div class="main-panel-header rounded-window-top">
            <span class="header-content">Groups for Framework with extent report, failure screen capture, test data from excel</span>
          </div> <!-- main-panel-header rounded-window-top -->
          <div class="main-panel-content rounded-window-bottom">
          </div> <!-- main-panel-content rounded-window-bottom -->
        </div> <!-- panel -->
        <div panel-name="times-Framework_with_extent_report,_failure_screen_capture,_test_data_from_excel" class="panel">
          <div class="main-panel-header rounded-window-top">
            <span class="header-content">Times for Framework with extent report, failure screen capture, test data from excel</span>
          </div> <!-- main-panel-header rounded-window-top -->
          <div class="main-panel-content rounded-window-bottom">
            <div class="times-div">
              <script type="text/javascript">
suiteTableInitFunctions.push('tableData_Framework_with_extent_report,_failure_screen_capture,_test_data_from_excel');
function tableData_Framework_with_extent_report,_failure_screen_capture,_test_data_from_excel() {
var data = new google.visualization.DataTable();
data.addColumn('number', 'Number');
data.addColumn('string', 'Method');
data.addColumn('string', 'Class');
data.addColumn('number', 'Time (ms)');
data.addRows(6);
data.setCell(0, 0, 0)
data.setCell(0, 1, 'flightsCountNoFilterTest')
data.setCell(0, 2, 'com.assign.qa.testcases.CountFlightsTest')
data.setCell(0, 3, 90692);
data.setCell(1, 0, 1)
data.setCell(1, 1, 'flightsCountOneStopFilterTest')
data.setCell(1, 2, 'com.assign.qa.testcases.CountFlightsTest')
data.setCell(1, 3, 54802);
data.setCell(2, 0, 2)
data.setCell(2, 1, 'searchForAFlight')
data.setCell(2, 2, 'com.assign.qa.testcases.SearchFlightsTest')
data.setCell(2, 3, 26418);
data.setCell(3, 0, 3)
data.setCell(3, 1, 'flightsCountNonStopFilterTest')
data.setCell(3, 2, 'com.assign.qa.testcases.CountFlightsTest')
data.setCell(3, 3, 13070);
data.setCell(4, 0, 4)
data.setCell(4, 1, 'parentTest')
data.setCell(4, 2, 'com.assign.qa.testcases.CheckPricesTest')
data.setCell(4, 3, 1);
data.setCell(5, 0, 5)
data.setCell(5, 1, 'validateFlightPriceTest')
data.setCell(5, 2, 'com.assign.qa.testcases.CheckPricesTest')
data.setCell(5, 3, 0);
window.suiteTableData['Framework_with_extent_report,_failure_screen_capture,_test_data_from_excel']= { tableData: data, tableDiv: 'times-div-Framework_with_extent_report,_failure_screen_capture,_test_data_from_excel'}
return data;
}
              </script>
              <span class="suite-total-time">Total running time: 3 minutes</span>
              <div id="times-div-Framework_with_extent_report,_failure_screen_capture,_test_data_from_excel">
              </div> <!-- times-div-Framework_with_extent_report,_failure_screen_capture,_test_data_from_excel -->
            </div> <!-- times-div -->
          </div> <!-- main-panel-content rounded-window-bottom -->
        </div> <!-- panel -->
        <div panel-name="reporter-Framework_with_extent_report,_failure_screen_capture,_test_data_from_excel" class="panel">
          <div class="main-panel-header rounded-window-top">
            <span class="header-content">Reporter output for Framework with extent report, failure screen capture, test data from excel</span>
          </div> <!-- main-panel-header rounded-window-top -->
          <div class="main-panel-content rounded-window-bottom">
          </div> <!-- main-panel-content rounded-window-bottom -->
        </div> <!-- panel -->
        <div panel-name="ignored-methods-Framework_with_extent_report,_failure_screen_capture,_test_data_from_excel" class="panel">
          <div class="main-panel-header rounded-window-top">
            <span class="header-content">0 ignored methods</span>
          </div> <!-- main-panel-header rounded-window-top -->
          <div class="main-panel-content rounded-window-bottom">
          </div> <!-- main-panel-content rounded-window-bottom -->
        </div> <!-- panel -->
        <div panel-name="chronological-Framework_with_extent_report,_failure_screen_capture,_test_data_from_excel" class="panel">
          <div class="main-panel-header rounded-window-top">
            <span class="header-content">Methods in chronological order</span>
          </div> <!-- main-panel-header rounded-window-top -->
          <div class="main-panel-content rounded-window-bottom">
            <div class="chronological-class">
              <div class="chronological-class-name">com.assign.qa.testcases.TestSetup</div> <!-- chronological-class-name -->
              <div class="configuration-suite before">
                <span class="method-name">setUp</span>
                <span class="method-start">0 ms</span>
              </div> <!-- configuration-suite before -->
            </div> <!-- chronological-class -->
            <div class="chronological-class">
              <div class="chronological-class-name">com.assign.qa.testcases.SearchFlightsTest</div> <!-- chronological-class-name -->
              <div class="test-method">
                <span class="method-name">searchForAFlight</span>
                <span class="method-start">6176 ms</span>
              </div> <!-- test-method -->
              <div class="configuration-method after">
                <span class="method-name">checkResult([TestResult name=searchForAFlight status=SUCCESS method=SearchFlightsTest.searchForAFlight()[pri:0, ...)</span>
                <span class="method-start">32597 ms</span>
              </div> <!-- configuration-method after -->
            </div> <!-- chronological-class -->
            <div class="chronological-class">
              <div class="chronological-class-name">com.assign.qa.testcases.CountFlightsTest</div> <!-- chronological-class-name -->
              <div class="configuration-class before">
                <span class="method-name">initTest</span>
                <span class="method-start">32642 ms</span>
              </div> <!-- configuration-class before -->
              <div class="test-method">
                <img src="failed.png">
                </img>
                <span class="method-name">flightsCountNoFilterTest</span>
                <span class="method-start">32643 ms</span>
              </div> <!-- test-method -->
              <div class="configuration-method after">
                <span class="method-name">checkResult([TestResult name=flightsCountNoFilterTest status=FAILURE method=CountFlightsTest.flightsCountNoFilte...)</span>
                <span class="method-start">123337 ms</span>
              </div> <!-- configuration-method after -->
              <div class="test-method">
                <img src="failed.png">
                </img>
                <span class="method-name">flightsCountNonStopFilterTest</span>
                <span class="method-start">123720 ms</span>
              </div> <!-- test-method -->
              <div class="configuration-method after">
                <span class="method-name">checkResult([TestResult name=flightsCountNonStopFilterTest status=FAILURE method=CountFlightsTest.flightsCountNo...)</span>
                <span class="method-start">136791 ms</span>
              </div> <!-- configuration-method after -->
              <div class="test-method">
                <img src="failed.png">
                </img>
                <span class="method-name">flightsCountOneStopFilterTest</span>
                <span class="method-start">137150 ms</span>
              </div> <!-- test-method -->
              <div class="configuration-method after">
                <span class="method-name">checkResult([TestResult name=flightsCountOneStopFilterTest status=FAILURE method=CountFlightsTest.flightsCountOn...)</span>
                <span class="method-start">191955 ms</span>
              </div> <!-- configuration-method after -->
            </div> <!-- chronological-class -->
            <div class="chronological-class">
              <div class="chronological-class-name">com.assign.qa.testcases.CheckPricesTest</div> <!-- chronological-class-name -->
              <div class="configuration-class before">
                <span class="method-name">initTest</span>
                <span class="method-start">192340 ms</span>
              </div> <!-- configuration-class before -->
              <div class="test-method">
                <span class="method-name">parentTest</span>
                <span class="method-start">192340 ms</span>
              </div> <!-- test-method -->
              <div class="configuration-method after">
                <span class="method-name">checkResult([TestResult name=parentTest status=SUCCESS method=CheckPricesTest.parentTest()[pri:0, instance:com.a...)</span>
                <span class="method-start">192342 ms</span>
              </div> <!-- configuration-method after -->
            </div> <!-- chronological-class -->
            <div class="chronological-class">
              <div class="chronological-class-name">com.assign.qa.testcases.TestSetup</div> <!-- chronological-class-name -->
              <div class="configuration-suite after">
                <span class="method-name">tearDown</span>
                <span class="method-start">192356 ms</span>
              </div> <!-- configuration-suite after -->
          </div> <!-- main-panel-content rounded-window-bottom -->
        </div> <!-- panel -->
      </div> <!-- main-panel-root -->
    </div> <!-- wrapper -->
  </body>
</html>
